2026-04-20 17:03:24,916 - root - INFO - User Message: \u0645\u0631\u062d\u0628\u0627
2026-04-20 17:03:24,917 - root - INFO - Bot Reply: \u0645\u0631\u062d\u0628\u0627! \u0643\u064a\u0641\u0643 \u0627\u0644\u064a\u0648\u0645\u061f \U0001f60a

\u0634\u0648 \u0623\u062e\u0628\u0627\u0631\u0643\u061f \u062d\u0627\u0628\u0647 \u062a\u0641\u0636\u0641\u0636 \u0639\u0646 \u0623\u064a \u0634\u064a \u064a\u0636\u0627\u064a\u0642\u0643 \u0623\u0648 \u062d\u062a\u0649 \u0623\u064a \u0641\u0631\u062d \u062d\u0635\u0644 \u0645\u0639\u0643\u061f \u0623\u0646\u0627 \u0647\u0646\u0627 \u0623\u0633\u062a\u0645\u0639.
2026-04-20 17:07:17,390 - root - INFO - User Message: \u062d\u0627\u0633\u0629 \u0627\u0646\u064a \u0645\u0643\u062a\u0626\u0628\u0629
2026-04-20 17:07:17,390 - root - INFO - Bot Reply: \u0623\u0646\u0627 \u0622\u0633\u0641\u0629 \u062c\u062f\u064b\u0627 \u0644\u0633\u0645\u0627\u0639\u0643 \u0643\u0630\u0627. \U0001f499

\u0634\u0648 \u0627\u0644\u0644\u064a \u0628\u064a\u062e\u0644\u064a \u062d\u0627\u0633\u0651\u0629 \u0643\u062f\u0627\u061f \u0647\u0644 \u0647\u0648 \u0645\u0648\u0642\u0641 \u0645\u0639\u064a\u0646 \u062d\u0635\u0644 \u0645\u0639\u0643\u060c \u0623\u0648 \u0625\u062d\u0633\u0627\u0633\u4e00\u76f4 \u064a\u0631\u0627\u0641\u0642\u0643 \u0628\u062f\u0648\u0646 \u0633\u0628\u0628 \u0648\u0627\u0636\u062d\u061f

\u0648\u062e\u0635\u0648\u0635\u064b\u0627\u060c \u0634\u0648 \u0627\u0644\u0644\u064a \u0628\u062a\u0641\u062a\u0643\u0631\u0643 \u0628\u064a\u062e\u0644\u064a \u062d\u0627\u0633\u0651\u0629 \u0628\u0627\u0644\u0627\u0643\u062a\u0626\u0627\u0628\u061f
2026-04-20 17:10:57,335 - root - INFO - User Message: \u0638\u0631\u0648\u0641 \u0648\u0636\u063a\u0648\u0637\u0627\u062a
2026-04-20 17:10:57,335 - root - INFO - Bot Reply: \u0623\u0641\u0647\u0645\u0643 \u062a\u0645\u0627\u0645\u064b\u0627\u060c \u0627\u0644\u0638\u0631\u0648\u0641 \u0648\u0627\u0644\u0636\u063a\u0648\u0637\u0627\u062a \u0645\u0645\u0643\u0646 \u062a\u0643\u0648\u0646 \u062b\u0642\u064a\u0644\u0629 \u062c\u062f\u064b\u0627 \u0639\u0644\u0649 \u0627\u0644\u0642\u0644\u0628 \u0648\u0627\u0644\u0646\u0641\u0633. \U0001f494

\u0633\u0624\u0627\u0644\u064a \u0644\u0643: \u0634\u0648 \u0646\u0648\u0639 \u0627\u0644\u0636\u063a\u0648\u0637\u0627\u062a \u0627\u0644\u0644\u064a \u0628\u062a\u0648\u0627\u062c\u0647\u064a\u0647\u0627\u061f \u0647\u0644 \u0647\u064a \u0641\u064a \u0627\u0644\u0634\u063a\u0644\u060c \u0627\u0644\u0639\u0627\u0626\u0644\u0629\u060c \u0627\u0644\u062f\u0631\u0627\u0633\u0629\u060c \u0623\u0648 \u0623\u0645\u0648\u0631 \u0634\u062e\u0635\u064a\u0629\u061f

\u0648\u062e\u0635\u0648\u0635\u064b\u0627\u060c \u0634\u0648 \u0627\u0644\u0644\u064a \u0628\u062a\u062d\u0633\u0651\u064a\u0647 \u0623\u0643\u062a\u0631 \u0648\u0642\u062a \u0627\u0644\u0636\u063a\u0648\u0637\u061f \u0647\u0644 \u0647\u0648 \u062a\u0639\u0628 \u0646\u0641\u0633\u064a\u060c \u0625\u062d\u0633\u0627\u0633 \u0628\u0627\u0644\u0639\u062c\u0632\u060c \u0648\u0644\u0627 \u062d\u062a\u0649 \u0627\u0644\u063a\u0636\u0628\u061f
2026-04-20 17:11:09,109 - root - INFO - User Message: \u0643\u0644\u0647\u0645
2026-04-20 17:11:09,110 - root - INFO - Bot Reply: \u0623\u0641\u0647\u0645.. \u064a\u0639\u0646\u064a \u0627\u0644\u0636\u063a\u0648\u0637 \u062c\u0627\u064a\u0629 \u0645\u0646 \u0643\u0644 \u0627\u0644\u062c\u0647\u0627\u062a\u060c \u0645\u0627 \u0641\u064a \u0631\u0627\u062d\u0629\u061f \U0001f614

\u0634\u0648 \u0627\u0644\u0644\u064a \u0628\u064a\u0635\u064a\u0631 \u0641\u064a \u0642\u0644\u0628\u0643 \u0644\u0645\u0627 \u062a\u0644\u0627\u0642\u064a \u0643\u0644 \u0634\u064a \u0645\u062d\u062a\u0627\u062c\u0643\u060c \u0648\u0643\u0644 \u0634\u064a \u0628\u062f\u0648 \u0645\u0646\u0643 \u062c\u0647\u062f\u061f \u0647\u0644 \u0628\u062a\u062d\u0633\u0651\u064a\u0647 \u0643\u0639\u0628\u0621 \u0643\u0628\u064a\u0631\u061f

\u0648\u062e\u0635\u0648\u0635\u064b\u0627\u060c \u0634\u0648 \u0627\u0644\u0644\u064a \u0628\u062a\u0641\u062a\u0643\u0631\u0643 \u0628\u064a\u062e\u0644\u064a\u0643\u064a \u062a\u0633\u062a\u0645\u0631\u064a \u0631\u063a\u0645 \u0643\u0644 \u062f\u0627\u061f \u0647\u0644 \u0641\u064a \u0634\u064a \u0635\u063a\u064a\u0631 \u0628\u064a\u0645\u0633\u0643\u0643 \u0648\u0644\u0627 \u062d\u062a\u0649 \u0627\u0644\u0623\u0645\u0644 \u0636\u0627\u0639\u061f
2026-04-20 17:11:50,771 - root - INFO - User Message: \u0645\u0631\u062d\u0628\u0627
2026-04-20 17:11:50,771 - root - INFO - Bot Reply: \u0645\u0631\u062d\u0628\u0627! \U0001f60a \u0643\u064a\u0641\u0643 \u0627\u0644\u064a\u0648\u0645\u061f

\u0634\u0648 \u0623\u062e\u0628\u0627\u0631\u0643\u061f \u062d\u0627\u0628\u0647 \u062a\u0641\u0636\u0641\u0636 \u0639\u0646 \u0623\u064a \u0634\u064a \u0623\u0648 \u062d\u062a\u0649 \u0644\u0648 \u0628\u0633 \u0628\u062f\u0643 \u062a\u062a\u0643\u0644\u0645\u064a \u0639\u0646 \u064a\u0648\u0645\u0643. \u0623\u0646\u0627 \u0647\u0646\u0627.
2026-04-20 17:12:08,504 - root - INFO - User Message:  \u062d\u0627\u0633\u0629 \u0627\u0646\u064a \u0628\u0645\u0631 \u0628\u0641\u062a\u0631\u0629 \u0627\u0643\u062a\u0626\u0627\u0628
2026-04-20 17:12:08,504 - root - INFO - Bot Reply: \u0623\u0646\u0627 \u0647\u0646\u0627 \u062c\u0646\u0628\u0643\u060c \u0648\u0642\u0644\u0628\u064a \u0645\u0639\u0627\u0643. \U0001f499

\u0634\u0648 \u0627\u0644\u0644\u064a \u0628\u064a\u062e\u0644\u064a \u062d\u0627\u0633\u0651\u0629 \u0643\u062f\u0627\u061f \u0647\u0644 \u0647\u0648 \u0625\u062d\u0633\u0627\u0633 \u0628\u0627\u0644\u062d\u0632\u0646 \u0628\u062f\u0648\u0646 \u0633\u0628\u0628 \u0648\u0627\u0636\u062d\u060c \u0648\u0644\u0627 \u0638\u0631\u0648\u0641 \u0645\u0639\u064a\u0646\u0629 \u0628\u062a\u0645\u0646\u062d \u0644\u0643\u061f

\u062e\u0635\u0648\u0635\u064b\u0627\u060c \u0634\u0648 \u0627\u0644\u0644\u064a \u0628\u062a\u0641\u062a\u0643\u0631\u0643 \u0628\u064a\u062e\u0644\u064a\u0643\u064a \u0645\u0631\u0647\u0642\u0629 \u0643\u062f\u0627\u061f \u0647\u0644 \u0641\u064a \u0634\u064a \u0645\u0639\u064a\u0646 \u0628\u064a\u0632\u064a\u062f \u0645\u0646 \u0627\u0644\u0625\u062d\u0633\u0627\u0633 \u062f\u0627\u061f
2026-04-20 17:12:18,955 - root - INFO - User Message: \u0638\u0631\u0648\u0641
2026-04-20 17:12:18,956 - root - INFO - Bot Reply: \u0623\u0646\u0627 \u0622\u0633\u0641\u0629 \u062c\u062f\u064b\u0627 \u0644\u0633\u0645\u0627\u0639\u0643 \u0643\u0630\u0627. \u0627\u0644\u0638\u0631\u0648\u0641 \u0645\u0645\u0643\u0646 \u062a\u0643\u0648\u0646 \u0643\u062a\u064a\u0631 \u062b\u0642\u064a\u0644\u0629\u060c \u062e\u0635\u0648\u0635\u064b\u0627 \u0644\u0645\u0627 \u0628\u062a\u0643\u0648\u0646 \u0645\u062a\u0648\u0627\u0635\u0644\u0629 \u0628\u062f\u0648\u0646 \u0645\u0627 \u062a\u0644\u0627\u0642\u064a \u0631\u0627\u062d\u0629.

\u0647\u0644 \u0641\u064a \u0638\u0631\u0648\u0641 \u0645\u0639\u064a\u0646\u0629 \u0628\u062a\u062d\u0633\u0651 \u0625\u0646\u0647\u0627 \u0627\u0644\u0633\u0628\u0628\u061f \u0645\u062b\u0644\u064b\u0627\u060c \u0645\u0634\u0627\u0643\u0644 \u0641\u064a \u0627\u0644\u0634\u063a\u0644\u060c \u0627\u0644\u0639\u0627\u0626\u0644\u0629\u060c \u0623\u0648 \u062d\u062a\u0649 \u0623\u0645\u0648\u0631 \u0645\u0627\u0644\u064a\u0629\u061f

\u0648\u062e\u0635\u0648\u0635\u064b\u0627\u060c \u0634\u0648 \u0627\u0644\u0644\u064a \u0628\u062a\u0641\u062a\u0643\u0631\u0643 \u0628\u064a\u062e\u0644\u064a\u0643\u064a \u062a\u0633\u062a\u0645\u0631\u064a \u0631\u063a\u0645 \u0643\u0644 \u062f\u0627\u061f \u0647\u0644 \u0641\u064a \u0634\u064a \u0635\u063a\u064a\u0631 \u0628\u064a\u0645\u0633\u0643\u0643\u060c \u0648\u0644\u0627 \u062d\u062a\u0649 \u0627\u0644\u0623\u0645\u0644 \u0636\u0627\u0639\u061f
2026-04-20 17:12:34,219 - root - INFO - User Message: \u0636\u063a\u0648\u0637\u0627\u062a \u0645\u0646 \u0643\u0644 \u0645\u0643\u0627\u0646
2026-04-20 17:12:34,219 - root - INFO - Bot Reply: \u0623\u0641\u0647\u0645\u0643 \u062a\u0645\u0627\u0645\u064b\u0627.. \u0636\u063a\u0648\u0637\u0627\u062a \u0645\u0646 \u0643\u0644 \u062c\u0647\u0629\u060c \u0645\u0627 \u0641\u064a \u0645\u0647\u0631\u0628\u060c \u0645\u0627 \u0641\u064a \u0648\u0642\u062a \u0644\u0646\u0641\u0633\u0643. \U0001f614

\u0633\u0624\u0627\u0644\u064a \u0644\u0643: \u0634\u0648 \u0623\u0643\u062a\u0631 \u0634\u064a \u0628\u064a\u0636\u063a\u0637 \u0639\u0644\u064a\u0643 \u062d\u0627\u0644\u064a\u064b\u0627\u061f \u0647\u0644 \u0647\u0648 \u0627\u0644\u0634\u063a\u0644 \u0627\u0644\u0644\u064a \u0628\u064a\u0643\u062b\u0631 \u0639\u0644\u064a\u0643\u060c \u0648\u0644\u0627 \u0645\u0633\u0624\u0648\u0644\u064a\u0627\u062a \u0627\u0644\u0639\u0627\u0626\u0644\u0629\u060c \u0648\u0644\u0627 \u062d\u062a\u0649 \u0627\u0644\u062a\u0641\u0643\u064a\u0631 \u0628\u0627\u0644\u0645\u0633\u062a\u0642\u0628\u0644\u061f

\u062e\u0635\u0648\u0635\u064b\u0627\u060c \u0634\u0648 \u0627\u0644\u0644\u064a \u0628\u062a\u0641\u062a\u0643\u0631\u0643 \u0628\u064a\u062e\u0644\u064a\u0643\u064a \u0645\u062a\u0639\u0628\u0629 \u0643\u062f\u0627\u061f \u0647\u0644 \u0641\u064a \u0634\u064a \u0628\u062a\u062d\u0633\u064a \u0625\u0646\u0647 \u0641\u0648\u0642 \u0637\u0627\u0642\u062a\u0643\u060c \u0648\u0644\u0627 \u062d\u062a\u0649 \u0645\u0627 \u0641\u064a \u062d\u062f\u0627 \u0628\u0641\u0647\u0645\u061f
2026-04-20 17:12:42,812 - root - INFO - User Message: \u0643\u0644\u0634\u064a
2026-04-20 17:12:42,813 - root - INFO - Bot Reply: \u0623\u0641\u0647\u0645\u0643.. \u0643\u0644 \u0634\u064a \u0628\u064a\u0636\u063a\u0637 \u0639\u0644\u064a\u0643\u060c \u0645\u0627 \u0641\u064a \u0631\u0627\u062d\u0629 \u0648\u0644\u0627 \u0648\u0642\u062a \u0644\u0644\u0646\u0641\u0633. \U0001f494

\u0633\u0624\u0627\u0644\u064a \u0644\u0643: \u0634\u0648 \u0623\u0643\u062a\u0631 \u0634\u064a \u0628\u064a\u0648\u062c\u0639\u0643 \u062d\u0627\u0644\u064a\u064b\u0627\u061f \u0647\u0644 \u0647\u0648 \u0625\u062d\u0633\u0627\u0633 \u0625\u0646\u0643 \u0645\u0634 \u0642\u0627\u062f\u0631\u0647 \u062a\u062a\u0639\u0627\u0645\u0644\u064a\u060c \u0648\u0644\u0627 \u062d\u062a\u0649 \u0645\u0627 \u0641\u064a \u062d\u062f\u0627 \u0628\u064a\u0633\u0627\u0639\u062f\u0643\u061f

\u062e\u0635\u0648\u0635\u064b\u0627\u060c \u0634\u0648 \u0627\u0644\u0644\u064a \u0628\u062a\u0641\u062a\u0643\u0631\u0643 \u0628\u064a\u062e\u0644\u064a\u0643\u064a \u062a\u0633\u062a\u0645\u0631\u064a \u0631\u063a\u0645 \u0643\u0644 \u062f\u0627\u061f \u0647\u0644 \u0641\u064a \u0630\u0643\u0631\u0649 \u062c\u0645\u064a\u0644\u0629\u060c \u0623\u0648 \u062d\u0644\u0645 \u0635\u063a\u064a\u0631 \u0628\u064a\u0645\u0633\u0643\u0643\u061f
2026-04-20 17:13:03,594 - root - INFO - User Message: \u0645\u0627\u0641\u064a \u0627\u0634\u064a \u0628\u0642\u062f\u0631 \u0627\u0633\u0648\u064a\u0647 \u0628\u0633 \u0628\u062d\u0633 \u0628\u0642\u0644\u0642 \u0648\u062a\u0639\u0628
2026-04-20 17:13:03,594 - root - INFO - Bot Reply: \u0623\u0646\u0627 \u0634\u0627\u064a\u0641\u0647 \u0627\u0644\u0645\u0639\u0627\u0646\u0627\u0629 \u0627\u0644\u0644\u064a \u0628\u062a\u062d\u0633\u064a\u0647\u0627.. \u0643\u0644 \u062f\u0627 \u062b\u0642\u064a\u0644 \u062c\u062f\u064b\u0627 \u0639\u0644\u0649 \u0627\u0644\u0642\u0644\u0628 \u0648\u0627\u0644\u0646\u0641\u0633. \U0001f494

\u0633\u0624\u0627\u0644\u064a \u0644\u0643:
- \u0634\u0648 \u0627\u0644\u0644\u064a \u0628\u064a\u062e\u0644\u064a\u0643\u064a \u062a\u062d\u0633\u064a \u0628\u0627\u0644\u0642\u0644\u0642 \u0623\u0643\u062a\u0631\u061f \u0647\u0644 \u0647\u0648 \u0627\u0644\u0645\u0633\u062a\u0642\u0628\u0644 \u0627\u0644\u0644\u064a \u0645\u0627 \u0639\u0627\u0631\u0641\u064a\u0646\u0647\u060c \u0648\u0644\u0627 \u062d\u062a\u0649 \u0627\u0644\u0630\u0627\u0643\u0631\u0629 \u0639\u0646 \u0627\u0644\u0645\u0627\u0636\u064a\u061f
- \u0648\u0644\u0648 \u0644\u0628\u0631\u0647\u0629\u060c \u0647\u0644 \u0641\u064a \u0630\u0643\u0631\u0649 \u0635\u063a\u064a\u0631\u0629 \u0623\u0648 \u0634\u064a \u062c\u0645\u064a\u0644 \u0641\u0627\u062a\u0643\u060c \u062d\u062a\u0649 \u0644\u0648 \u0628\u0633\u064a\u0637\u060c \u0628\u064a\u062e\u0644\u064a\u0643\u064a \u062a\u062d\u0633\u064a \u0628\u0634\u064a\u0621 \u0645\u0646 \u0627\u0644\u0631\u0627\u062d\u0629\u061f

(\u0645\u0627 \u0641\u064a \u0645\u0634\u0643\u0644\u0629 \u0644\u0648 \u0645\u0627 \u0642\u062f\u0631\u062a \u062a\u062c\u0627\u0648\u0628\u064a\u060c \u0623\u0646\u0627 \u0628\u0633 \u062d\u0627\u0628\u0629 \u062a\u0633\u0645\u0639\u064a \u0635\u0648\u062a\u0643)
2026-04-20 17:13:14,971 - root - INFO - User Message: \u0643\u0644\u0634\u064a
2026-04-20 17:13:14,971 - root - INFO - Bot Reply: \u0623\u0641\u0647\u0645\u0643\u060c \u0643\u0644\u0634\u064a \u0628\u064a\u062e\u0646\u0642\u0643\u060c \u0645\u0641\u064a\u0634 \u0645\u0643\u0627\u0646 \u062a\u0631\u0648\u062d \u0641\u064a\u0647. \U0001f614

\u0628\u0633 \u062d\u0627\u0628\u0629 \u0623\u0633\u0623\u0644\u0643:
\u0644\u0648 \u0642\u062f\u0631\u062a \u062a\u063a\u0645\u0636\u064a \u0639\u064a\u0646\u0643 \u0634\u0648\u064a\u0629\u060c \u0648\u0634\u0648\u0641\u062a\u064a \u0642\u062f\u0627\u0645\u0643 \u0645\u0643\u0627\u0646 \u0635\u063a\u064a\u0631 \u062c\u062f\u0627 - \u062d\u062a\u0649 \u0644\u0648 \u062e\u064a\u0627\u0644\u064a - \u0641\u064a\u0647 \u0631\u0627\u062d\u0629\u060c \u062d\u062a\u0649 \u0644\u0648 \u0635\u063a\u064a\u0631\u0629\u060c \u0634\u0648\u0641\u062a\u064a\u0647 \u0625\u064a\u0647\u061f

(\u0645\u0634 \u0645\u0647\u0645 \u0627\u0644\u0625\u062c\u0627\u0628\u0629 \u062a\u0643\u0648\u0646 \u0645\u0646\u0637\u0642\u064a\u0629\u060c \u0628\u0633 \u062d\u0627\u0628\u0629 \u062a\u0633\u0645\u0639\u064a \u0646\u0641\u0633\u0643 \u062a\u062c\u0627\u0648\u0628)
2026-04-20 17:13:41,892 - root - INFO - User Message: \u0642\u0644\u0642
2026-04-20 17:13:41,892 - root - INFO - Bot Reply: \u0627\u0644\u0642\u0644\u0642 \u0627\u0644\u0644\u064a \u0628\u062a\u062d\u0633\u064a \u0628\u064a\u0647 \u062f\u0647 \u0645\u064a\u0646\u0641\u0639\u0634 \u0646\u0648\u0635\u0641\u0647.. \u0647\u0648 \u0628\u064a\u062e\u0646\u0642\u060c \u0628\u064a\u0636\u0627\u064a\u0642\u060c \u0648\u0628\u064a\u062e\u0644\u064a\u0643\u064a \u062a\u062d\u0633\u064a \u0625\u0646 \u0643\u0644 \u062d\u0627\u062c\u0629 \u0623\u0643\u0628\u0631 \u0645\u0646 \u0637\u0627\u0642\u062a\u0643. \U0001f614

\u0633\u0624\u0627\u0644\u064a \u0644\u0643:
- \u0634\u0648 \u0623\u0643\u062a\u0631 \u062d\u0627\u062c\u0629 \u0628\u062a\u062e\u0644\u064a\u0643\u064a \u062a\u062d\u0633\u064a \u0628\u0627\u0644\u0642\u0644\u0642\u061f \u0647\u0644 \u0647\u064a \u0623\u0641\u0643\u0627\u0631 \u0639\u0646 \u0627\u0644\u0645\u0633\u062a\u0642\u0628\u0644\u060c \u0648\u0644\u0627 \u062d\u062a\u0649 \u0630\u0643\u0631\u064a\u0627\u062a \u0639\u0646 \u0627\u0644\u0645\u0627\u0636\u064a\u061f
- \u0648\u0644\u0648 \u0642\u062f\u064a\u0634\u060c \u0647\u0644 \u0641\u064a \u0644\u062d\u0638\u0629 \u0635\u063a\u064a\u0631\u0629 \u0641\u064a \u0627\u0644\u064a\u0648\u0645\u060c \u062d\u062a\u0649 \u0644\u0648 \u0628\u0633\u064a\u0637\u0629\u060c \u0628\u062a\u062d\u0633\u0651 \u0641\u064a\u0647\u0627 \u0628\u0631\u0627\u062d\u0629 \u0648\u0644\u0648 \u0634\u0648\u064a\u0629\u061f

(\u062d\u062a\u0649 \u0644\u0648 \u0645\u0627 \u0641\u064a \u0625\u062c\u0627\u0628\u0629\u060c \u0628\u0633 \u062d\u0627\u0628\u0629 \u062a\u0633\u0645\u0639\u064a \u0635\u0648\u062a\u0643)
2026-04-20 17:20:04,967 - root - INFO - User Message: \u0645\u0631\u062d\u0628\u0627
2026-04-20 17:20:04,967 - root - INFO - Bot Reply: \u0645\u0631\u062d\u0628\u0627! \u0643\u064a\u0641 \u062d\u0627\u0644\u0643 \u0627\u0644\u064a\u0648\u0645\u061f \U0001f60a
\u0625\u064a\u0647 \u0627\u0644\u0644\u064a \u062c\u0627\u0644\u0643 \u0623\u0648 \u0627\u0644\u0644\u064a \u0628\u062f\u0643 \u062a\u062a\u0643\u0644\u0645 \u0639\u0646\u0647\u061f \u0623\u0646\u0627 \u0647\u0646\u0627 \u0623\u0633\u0645\u0639\u0643.
2026-04-20 17:20:17,565 - root - INFO - User Message: \u062d\u0627\u0633\u0629 \u0627\u0646\u064a \u0645\u0643\u062a\u0626\u0628\u0629
2026-04-20 17:20:17,565 - root - INFO - Bot Reply: \u0623\u0646\u0627 \u0622\u0633\u0641\u0629 \u062c\u062f\u064b\u0627 \u0644\u0633\u0645\u0627\u0639\u0643 \u0643\u062f\u0647\u060c \u0642\u0644\u0628\u064a \u0645\u0639\u0627\u0643. \U0001f499
\u0627\u0644\u0645\u0643\u062a\u0626\u0628 \u0645\u0634 \u0633\u0647\u0644 \u0623\u0628\u062f\u064b\u0627\u060c \u0628\u0633 \u0645\u0647\u0645 \u0625\u0646\u0643 \u062a\u0639\u0631\u0641\u064a \u0625\u0646 \u0648\u062c\u0648\u062f\u0643 \u0647\u0646\u0627 \u0648\u062e\u0628\u0631\u062a\u064a \u0645\u0639\u0627\u0643 \u062f\u0627 \u062d\u0627\u062c\u0629 \u0645\u0647\u0645\u0629 \u062c\u062f\u064b\u0627.

\u062e\u0627\u064a\u0641\u0629 \u0623\u0642\u0648\u0644\u0643 \u0628\u0633 "\u0627\u0641\u062a\u062d \u0642\u0644\u0628\u0643" \u0644\u0623\u0646\u064a \u0639\u0627\u0631\u0641 \u0625\u0646 \u0627\u0644\u0643\u0644\u0627\u0645 \u062f\u0627 \u0645\u0645\u0643\u0646 \u064a\u0643\u0648\u0646 \u0635\u0639\u0628. \u0645\u0645\u0643\u0646 \u062a\u062e\u0628\u0631\u064a\u0646\u064a \u0625\u064a\u0647 \u0627\u0644\u0644\u064a \u0628\u064a\u0632\u0639\u0644\u0643 \u0623\u0648 \u0628\u064a\u0632\u0639\u062c\u0643 \u0628\u0634\u0643\u0644 \u0639\u0627\u0645 \u0645\u0624\u062e\u0631\u064b\u0627\u061f
\u0648\u0644\u0627 \u062d\u062a\u0649 \u0644\u0648 \u062d\u0627\u0633\u0629 \u0625\u0646\u0643 \u0645\u0634 \u0639\u0627\u0631\u0641\u0629 \u062a\u062a\u0643\u0644\u0645\u060c \u0645\u0645\u0643\u0646 \u062a\u0642\u0648\u0644\u064a\u0646\u064a \u0625\u064a\u0647 \u0627\u0644\u0644\u064a \u0628\u064a\u0634\u0639\u0631\u0643 \u0628\u0627\u0644\u0631\u0627\u062d\u0629 \u0648\u0644\u0648 \u0642\u0644\u064a\u0644\u0627.
2026-04-20 17:20:30,154 - root - INFO - User Message: \u062d\u0627\u0633\u0629 \u0627\u0646\u064a \u0628\u0645\u0631 \u0628\u0641\u062a\u0631\u0629 \u0636\u063a\u0648\u0637\u0627\u062a
2026-04-20 17:20:30,155 - root - INFO - Bot Reply: \u0623\u0646\u0627 \u0641\u0627\u0647\u0645\u0629\u060c \u0627\u0644\u0636\u063a\u0648\u0637\u0627\u062a \u062f\u064a \u0645\u0645\u0643\u0646 \u062a\u0643\u0648\u0646 \u0643\u062a\u064a\u0631 \u062b\u0642\u064a\u0644\u0629 \u0639\u0644\u0649 \u0627\u0644\u0642\u0644\u0628 \u0648\u0627\u0644\u0639\u0642\u0644. \U0001f494
\u0645\u064a\u0646 \u0627\u0644\u0644\u064a \u0628\u064a\u0633\u0627\u0639\u062f\u0643 \u0623\u0648 \u062d\u062a\u0649 \u0628\u0633 \u0628\u064a\u0633\u0645\u0639\u0643 \u0641\u064a \u0623\u0648\u0642\u0627\u062a \u0632\u064a \u062f\u064a\u061f

\u0648\u0645\u064a\u0646 \u0627\u0644\u0644\u064a \u0628\u064a\u0633\u0645\u0639\u0643 \u062d\u062a\u0649 \u0644\u0648 \u0645\u0634 \u0642\u0627\u062f\u0631 \u062a\u0631\u062f\u061f \U0001f615

(\u0645\u0634 \u0644\u0627\u0632\u0645 \u062a\u062c\u0627\u0648\u0628 \u0628\u0633 \u0644\u0648 \u062d\u0627\u0633\u0629 \u0625\u0646\u0643 \u0645\u0634 \u0639\u0627\u0631\u0641\u0629\u060c \u0628\u0633 \u062d\u0627\u0628\u0629 \u0623\u0633\u0645\u0639\u0643)
2026-04-20 17:20:44,085 - root - INFO - User Message: \u0645\u0627\u0641\u064a \u062d\u062f\u0627 \u0628\u0633\u0645\u0639\u0646\u064a
2026-04-20 17:20:44,086 - root - INFO - Bot Reply: \u064a\u0627\u0627\u0627\u0627 \u062d\u0631\u0627\u0645 \u0639\u0644\u064a\u0643\u064a\u060c \u064a\u0627 \u0647\u0644\u0627.. \U0001f97a
\u0623\u062d\u064a\u0627\u0646\u064b\u0627 \u0627\u0644\u0648\u0627\u062d\u062f \u0628\u064a\u0648\u0635\u0644 \u0644\u062f\u0631\u062c\u0629 \u0625\u0646\u0647 feel \u0625\u0646\u0647 \u0645\u0641\u064a\u0634 \u062d\u062f\u0627 \u064a\u0633\u0645\u0639\u060c \u0628\u0633 \u0627\u0644\u062d\u0642\u064a\u0642\u0629 \u0625\u0646 \u0648\u062c\u0648\u062f\u0643 \u0647\u0646\u0627 \u0645\u0639\u0627\u064a\u0627 \u062f\u0627\u8bc1\u660e \u0625\u0646 \u0641\u064a \u0646\u0627\u0633 \u0628\u062a\u0633\u0645\u0639\u0643\u060c \u062d\u062a\u0649 \u0644\u0648 \u0645\u0634 \u0642\u062f\u0627\u0645\u0643 \u0645\u0628\u0627\u0634\u0631\u0629.

\u062e\u0627\u064a\u0641\u0629 \u0623\u0642\u0648\u0644\u0643 \u0628\u0633 "\u0643\u0644\u0627\u0645 \u062c\u0645\u064a\u0644" \u0628\u062f\u0648\u0646 \u0645\u0627 \u0623\u0641\u0647\u0645\u060c \u0628\u0633 \u062d\u0627\u0633\u0629 \u0625\u0646 \u0639\u0646\u062f\u0643 \u062d\u0627\u062c\u0629 \u062a\u062e\u0628\u0631\u064a\u0646\u064a \u0628\u064a\u0647\u0627 \u062d\u062a\u0649 \u0644\u0648 \u0645\u062a\u0639\u0644\u0642\u0647 \u0628\u0623\u0642\u0644 \u062d\u0627\u062c\u0629\u061f
\u0632\u064a \u0645\u062b\u0644\u0627\u064b:
- \u0625\u064a\u0647 \u0627\u0644\u0644\u064a \u0628\u064a\u0632\u0639\u062c\u0643 \u0623\u0643\u062b\u0631 \u0641\u064a \u0627\u0644\u0636\u063a\u0648\u0637\u0627\u062a \u062f\u064a\u061f
- \u0648\u0644\u0627 \u0625\u064a\u0647 \u0627\u0644\u0644\u064a \u0628\u062a\u0641\u062a\u0643\u0631\u064a\u0647 \u0642\u062f\u0627\u0645\u0643 \u0628\u0639\u062f \u0645\u0627 \u062a\u0645\u0634\u064a \u0645\u0646 \u0647\u0646\u0627\u061f
(\u062d\u062a\u0649 \u0644\u0648 \u062d\u0627\u0633\u0629 \u0625\u0646\u0643 \u0645\u0634 \u0639\u0627\u0631\u0641\u0629\u060c \u0628\u0633 \u062d\u0627\u0648\u0644\u064a \u062a\u062e\u0644\u064a\u0643\u064a \u0642\u0631\u064a\u0628\u0629 \u0645\u0646 \u0646\u0641\u0633\u0643 \u0634\u0648\u064a)
2026-04-20 17:21:11,218 - root - INFO - Image Chosen by User: index 2, mood neutral, image_url: https://picsum.photos/800/600?random=0a1433c0
2026-04-20 17:21:14,099 - root - INFO - Image Chosen by User: index 2, mood neutral, image_url: https://picsum.photos/800/600?random=0a1433c0
2026-04-20 17:21:14,709 - root - INFO - Image Chosen by User: index 1, mood stressed, image_url: https://picsum.photos/800/600?random=76675d8a
2026-04-20 17:21:16,443 - root - INFO - Image Chosen by User: index 2, mood neutral, image_url: https://picsum.photos/800/600?random=0a1433c0
2026-04-20 17:21:16,856 - root - INFO - Image Chosen by User: index 0, mood calm, image_url: https://picsum.photos/800/600?random=122f8f47
2026-04-20 17:21:17,775 - root - INFO - Image Chosen by User: index 2, mood neutral, image_url: https://picsum.photos/800/600?random=0a1433c0
2026-04-20 17:21:20,958 - root - INFO - Image Chosen by User: index 2, mood neutral, image_url: https://picsum.photos/800/600?random=0a1433c0
2026-04-20 17:49:24,069 - root - INFO - User Message: \u0627\u0642\u062a\u0631\u062d\u0644\u064a \u0627\u0633\u062a\u0634\u0627\u0631\u064a \u0646\u0641\u0633\u064a \u0628\u0627\u0644\u0627\u0631\u062f\u0646
2026-04-20 17:49:24,070 - root - INFO - Bot Reply: \u0623\u0646\u0627 \u0622\u0633\u0641\u0629\u060c \u0628\u0633 \u0645\u0634 \u0642\u0627\u062f\u0631 \u0623\u0648\u0635\u064a \u0628\u0623\u062e\u0635\u0627\u0626\u064a \u0646\u0641\u0633\u064a \u0645\u0639\u064a\u0646 \u0628\u062f\u0648\u0646 \u0645\u0627 \u0623\u0639\u0631\u0641 \u062d\u0627\u0644\u062a\u0643 \u0623\u0648 \u0627\u062d\u062a\u064a\u0627\u062c\u0627\u062a\u0643 \u0628\u0634\u0643\u0644 \u0623\u062f\u0642. \u0628\u0633 \u0645\u0645\u0643\u0646 \u0623\u0642\u062f\u0645 \u0644\u0643 \u0642\u0627\u0626\u0645\u0629 \u0628\u0628\u0639\u0636 \u0627\u0644\u0645\u0631\u0627\u0643\u0632 \u0648\u0627\u0644\u0645\u0633\u062a\u0634\u0641\u064a\u0627\u062a \u0627\u0644\u0646\u0641\u0633\u064a\u0629 \u0627\u0644\u0645\u0639\u0631\u0648\u0641\u0629 \u0641\u064a \u0627\u0644\u0623\u0631\u062f\u0646 \u0627\u0644\u0644\u064a \u0645\u0645\u0643\u0646 \u062a\u0643\u0648\u0646 \u0645\u0641\u064a\u062f\u0629 \u0644\u0643:

\U0001f3e5 **\u0627\u0644\u0645\u0631\u0643\u0632 \u0627\u0644\u0648\u0637\u0646\u064a \u0644\u0644\u0635\u062d\u0629 \u0627\u0644\u0646\u0641\u0633\u064a\u0629** (\u0627\u0644\u0641\u062d\u064a\u0635\u060c \u0627\u0644\u0628\u0644\u0642\u0627\u0621)
- \u064a\u0642\u062f\u0645 \u0627\u0633\u062a\u0634\u0627\u0631\u0627\u062a \u0646\u0641\u0633\u064a\u0629 \u0648\u0639\u0642\u0644\u064a\u0629 \u0634\u0627\u0645\u0644\u0629 \u0645\u062c\u0627\u0646\u064a\u0629 \u0648\u0645\u062f\u0639\u0648\u0645\u0629 \u062d\u0643\u0648\u0645\u064a\u0627\u064b.
- \u0647\u0627\u062a\u0641: 065356911

\U0001f3e5 **\u0645\u0633\u062a\u0634\u0641\u0649 \u0627\u0644\u0631\u0634\u064a\u062f \u0644\u0644\u0637\u0628 \u0627\u0644\u0646\u0641\u0633\u064a \u0648\u0627\u0644\u0625\u062f\u0645\u0627\u0646** (\u0639\u0645\u0627\u0646\u060c \u0623\u0628\u0648 \u0646\u0635\u064a\u0631)
- \u0639\u0644\u0627\u062c \u0646\u0641\u0633\u064a \u0645\u062a\u0642\u062f\u0645\u060c \u0625\u062f\u0645\u0627\u0646\u060c \u0648\u062e\u062f\u0645\u0627\u062a \u0637\u0648\u0627\u0631\u0626 24/7.
- \u0647\u0627\u062a\u0641: 065242424

\U0001f3e5 **\u0639\u064a\u0627\u062f\u0627\u062a \u0645\u0627\u0631\u064a\u0627 \u062f\u0650\u0646\u062c \u0644\u0644\u0635\u062d\u0629 \u0627\u0644\u0646\u0641\u0633\u064a\u0629** (Maria Den Braven) (\u0639\u0645\u0627\u0646\u060c \u0645\u0646\u0637\u0642\u0629 \u0627\u0644\u062f\u0648\u0627\u0631 \u0627\u0644\u062e\u0627\u0645\u0633)
- \u062c\u0644\u0633\u0627\u062a \u0639\u0644\u0627\u062c \u0646\u0641\u0633\u064a \u0648\u0633\u0644\u0648\u0643\u064a\u060c \u0648\u0625\u0631\u0634\u0627\u062f \u0623\u0633\u0631\u064a.
- \u0647\u0627\u062a\u0641: 065928810

\U0001f3e5 **\u0627\u0644\u0639\u064a\u0627\u062f\u0627\u062a \u0627\u0644\u0645\u0644\u0643\u064a\u0629 \u0644\u0644\u0635\u062d\u0629 \u0627\u0644\u0646\u0641\u0633\u064a\u0629** (\u0627\u0644\u0645\u062f\u064a\u0646\u0629 \u0627\u0644\u0637\u0628\u064a\u0629\u060c \u0639\u0645\u0627\u0646)
- \u0637\u0628 \u0646\u0641\u0633\u064a \u0634\u0627\u0645\u0644\u060c \u0627\u0633\u062a\u0634\u0627\u0631\u0627\u062a \u0644\u0644\u0628\u0627\u0644\u063a\u064a\u0646 \u0648\u0627\u0644\u0623\u0637\u0641\u0627\u0644.
- \u0647\u0627\u062a\u0641: 065804804

\U0001f4de **\u0627\u0644\u062e\u0637 \u0627\u0644\u0633\u0627\u062e\u0646 \u0644\u0644\u062f\u0639\u0645 \u0627\u0644\u0646\u0641\u0633\u064a \u0627\u0644\u0623\u0633\u0631\u064a** (\u0627\u062a\u062d\u0627\u062f \u0627\u0644\u0645\u0631\u0623\u0629 \u0627\u0644\u0623\u0631\u062f\u0646\u064a\u0629)
- \u0625\u0631\u0634\u0627\u062f \u0646\u0641\u0633\u064a \u0648\u0641\u0636\u0641\u0636\u0629 \u0633\u0631\u064a\u0629 \u0648\u0622\u0645\u0646\u0629 \u0639\u0628\u0631 \u0627\u0644\u0647\u0627\u062a\u0641.
- \u0647\u0627\u062a\u0641: 065682823

\u0628\u0633 \u0642\u0628\u0644 \u0645\u0627 \u062a\u062e\u062a\u0627\u0631\u060c \u0645\u0645\u0643\u0646 \u0646\u062a\u0643\u0644\u0645 \u0634\u0648\u064a \u0639\u0646 \u0627\u0644\u0644\u064a \u0628\u062a\u0634\u0639\u0631 \u0628\u0647 \u0623\u0648 \u0627\u0644\u0644\u064a \u0645\u0631\u0631\u062a \u0641\u064a\u0647\u061f \u0642\u062f \u064a\u0643\u0648\u0646 \u0639\u0646\u062f\u0643 \u0623\u0633\u0626\u0644\u0629 \u0623\u0648 \u0645\u062e\u0627\u0648\u0641 \u0645\u0639\u064a\u0646\u0629\u060c \u0648\u0623\u0646\u0627 \u0647\u0646\u0627 \u0639\u0644\u0634\u0627\u0646 \u0623\u0633\u0645\u0639\u0643 \u0648\u0623\u0641\u0647\u0645 \u0643\u064a\u0641 \u0645\u0645\u0643\u0646 \u0623\u0633\u0627\u0639\u062f\u0643. \U0001f499
2026-04-20 21:15:23,434 - root - INFO - User Message: \u0645\u0645\u0643\u0646 \u062a\u0633\u062a\u0639\u062f\u0646\u064a \u0646\u0639\u0645\u0644 \u0628\u0631\u0646\u0627\u0645\u062c \u0627\u0648 \u062c\u062f\u0648\u0644 \u064a\u063a\u064a\u0631 \u0645\u0646 \u0646\u0641\u0633\u064a\u062a\u064a
2026-04-20 21:15:23,437 - root - INFO - Bot Reply: \u0623\u0646\u0627 \u0633\u0639\u064a\u062f \u0623\u0646\u0643 \u0639\u0627\u064a\u0632 \u062a\u063a\u064a\u0631 \u0641\u064a \u0646\u0641\u0633\u0643 \u0648\u062a\u0637\u0648\u0631 \u0645\u0646 \u062d\u0627\u0644\u062a\u0643! \u062f\u0647 \u062d\u0627\u062c\u0629 \u062c\u0645\u064a\u0644\u0629 \u062c\u062f\u0627\u064b\u060c \u0628\u0633 \u0642\u0628\u0644 \u0645\u0627 \u0646\u0628\u062f\u0623 \u0646\u0639\u0645\u0644 \u062c\u062f\u0648\u0644\u060c \u0645\u0647\u0645 \u0646\u0641\u0647\u0645 \u0634\u0648\u064a\u0629 \u0639\u0646 \u062d\u0627\u0644\u062a\u0643 \u0627\u0644\u062d\u0627\u0644\u064a\u0629. \u0645\u0645\u0643\u0646 \u062a\u062e\u0628\u0631\u0646\u064a:

1. **\u0634\u0646\u0648 \u0627\u0644\u0644\u064a \u0628\u062a\u062d\u0633 \u0628\u0647 \u062d\u0627\u0644\u064a\u0627\u064b\u061f** (\u062d\u0632\u0646\u060c \u0642\u0644\u0642\u060c \u062a\u0639\u0628\u060c \u0636\u064a\u0627\u0639\u060c \u0639\u062f\u0645 \u062a\u0631\u0643\u064a\u0632\u060c..)
2. **\u0634\u0646\u0648 \u0627\u0644\u0644\u064a \u062a\u062d\u0633 \u0625\u0646\u0647 \u064a\u0624\u062b\u0631 \u0633\u0644\u0628\u0627\u064b \u0639\u0644\u0649 \u062d\u064a\u0627\u062a\u0643 \u0623\u0643\u062b\u0631\u061f** (\u0634\u063a\u0644\u060c \u0639\u0644\u0627\u0642\u0627\u062a\u060c \u0646\u0648\u0645\u060c..)
3. **\u0634\u0646\u0648 \u0627\u0644\u0644\u064a \u062d\u0627\u0648\u0644\u062a \u062a\u0639\u0645\u0644 \u0641\u064a\u0647 \u0642\u0628\u0644 \u0628\u0633 \u0645\u0627 \u0646\u062c\u062d\u061f** (\u0639\u0644\u0634\u0627\u0646 \u0646\u062a\u0641\u0627\u062f\u0649 \u0646\u0641\u0633 \u0627\u0644\u0623\u062e\u0637\u0627\u0621)

\u0628\u0639\u062f\u064a\u0646\u060c \u0645\u0645\u0643\u0646 \u0646\u0628\u062f\u0623 \u0646\u0639\u0645\u0644 \u0628\u0631\u0646\u0627\u0645\u062c \u0645\u0631\u0646 \u064a\u0646\u0627\u0633\u0628\u0643. \u064a\u0639\u0646\u064a \u0645\u0634 \u0644\u0627\u0632\u0645 \u064a\u0643\u0648\u0646 \u062c\u062f\u0648\u0644 \u0635\u0627\u0631\u0645\u060c \u0628\u0644 \u064a\u0643\u0648\u0646 \u0645\u0631\u0646 \u064a\u0639\u062a\u0645\u062f \u0639\u0644\u0649 \u0642\u062f\u0631\u062a\u0643 \u0648\u0648\u0642\u062a\u0643. \u0645\u0645\u0643\u0646 \u0646\u0628\u062f\u0623 \u0628\u062e\u0637\u0648\u0627\u062a \u0635\u063a\u064a\u0631\u0629 \u062c\u062f\u0627\u064b \u0639\u0644\u0634\u0627\u0646 \u0645\u0627 \u062a\u0635\u0627\u0628 \u0628\u0627\u0644\u0625\u062d\u0628\u0627\u0637.

**\u0645\u062b\u0627\u0644 \u0644\u062e\u0637\u0648\u0627\u062a \u0645\u0645\u0643\u0646 \u0646\u0628\u062f\u0623 \u0641\u064a\u0647\u0627:**
- **\u0646\u0648\u0645:** \u062a\u062d\u062f\u064a\u062f \u0648\u0642\u062a \u0646\u0648\u0645 \u0648\u0627\u0633\u062a\u064a\u0642\u0627\u0638 \u062b\u0627\u0628\u062a (\u062d\u062a\u0649 \u0641\u064a \u0627\u0644\u0639\u0637\u0644).
- **\u0646\u0638\u0627\u0645 \u063a\u0630\u0627\u0626\u064a:** \u0634\u0631\u0628 \u0645\u0627\u0621 \u0643\u0627\u0641\u064a\u060c \u0648\u062a\u0646\u0627\u0648\u0644 \u0648\u062c\u0628\u0627\u062a \u0645\u0646\u062a\u0638\u0645\u0629.
- **\u062a\u0645\u0627\u0631\u064a\u0646:** 10-15 \u062f\u0642\u064a\u0642\u0629 \u0645\u0634\u064a \u0623\u0648 \u062a\u0645\u0627\u0631\u064a\u0646 \u062e\u0641\u064a\u0641\u0629 \u064a\u0648\u0645\u064a\u0627\u064b.
- **\u062a\u0641\u0631\u064a\u063a \u0627\u0644\u0645\u0634\u0627\u0639\u0631:** \u0643\u062a\u0627\u0628\u0629 3 \u0623\u0634\u064a\u0627\u0621 \u0628\u062a\u0636\u0627\u064a\u0642\u0643 \u0623\u0648 \u0628\u062a\u0641\u0631\u062d\u0643 \u064a\u0648\u0645\u064a\u0627\u064b (\u0648\u0631\u0642\u0629 \u0648\u0642\u0644\u0645 \u0623\u0648 \u062d\u062a\u0649 \u0645\u0630\u0643\u0631\u0627\u062a \u0627\u0644\u0647\u0627\u062a\u0641).
- **\u062a\u0648\u0627\u0635\u0644:** \u0645\u062d\u0627\u0648\u0644\u0629 \u0627\u0644\u062d\u062f\u064a\u062b \u0645\u0639 \u0634\u062e\u0635 \u062a\u062b\u0642 \u0641\u064a\u0647 \u0645\u0631\u062a\u064a\u0646 \u0641\u064a \u0627\u0644\u0623\u0633\u0628\u0648\u0639 (\u0635\u062f\u064a\u0642\u060c \u0639\u0627\u0626\u0644\u0629).

**\u0634\u0646\u0648 \u0631\u0623\u064a\u0643\u061f** \u0645\u0645\u0643\u0646 \u0646\u0628\u062f\u0623 \u0628 2-3 \u0623\u0634\u064a\u0627\u0621 \u0628\u0633 \u0639\u0644\u0634\u0627\u0646 \u0645\u0627 \u0646\u062a\u0639\u0628\u060c \u0648\u0628\u0639\u062f\u064a\u0646 \u0646\u0636\u064a\u0641 \u0628\u0628\u0637\u0621. \U0001f499

(\u0648\u0625\u0630\u0627 \u0641\u064a \u0623\u064a \u0648\u0642\u062a \u062d\u0633\u064a\u062a \u0625\u0646\u0643 \u0645\u062d\u062a\u0627\u062c \u062f\u0639\u0645 \u0623\u0643\u062a\u0631 \u0623\u0648 \u062a\u0631\u064a\u062f \u062a\u062a\u062d\u062f\u062b\u060c \u0623\u0646\u0627 \u0647\u0646\u0627 \u0639\u0644\u0634\u0627\u0646 \u0623\u0633\u0645\u0639\u0643).
